ID: "MLA917485457" - Title: "Monitor Dell E Series E2220h Led 21.5   Negro 100v/240v"- Category: "MLA14407" - Name:"Monitores"
ID: "MLA918321811" - Title: "Monitor Dell E E2720h Led 27   Negro 100v/240v"- Category: "MLA14407" - Name:"Monitores"
ID: "MLA923372796" - Title: "Monitor Dell E E2420h Led 24   Negro 100v/240v"- Category: "MLA14407" - Name:"Monitores"
ID: "MLA927112630" - Title: "Notebook Dell Inspiron 3505 Gris 15.6 , Amd Ryzen 5 3450u  16gb De Ram 1tb Hdd 256gb Ssd, Amd Radeon Vega 8 1366x768px Windows 10 Home"- Category: "MLA1652" - Name:"Notebooks"
ID: "MLA925179224" - Title: "Apc Easy Ups Bv1000i-ar 1000va Entrada Y Salida De 230v Negro"- Category: "MLA1720" - Name:"UPS"
ID: "MLA874472550" - Title: "Router Linksys Ea-series Ea6100 Negro 100v/240v"- Category: "MLA430901" - Name:"Routers"
ID: "MLA927112638" - Title: "Notebook Dell Inspiron 3505 Gris 15.6 , Amd Ryzen 5 3450u  8gb De Ram 1tb Hdd 256gb Ssd, Amd Radeon Vega 8 1366x768px Windows 10 Home"- Category: "MLA1652" - Name:"Notebooks"
ID: "MLA931142484" - Title: "Apc Easy Ups Srv Srv2ki-ar 2000va Entrada De 230v Negro"- Category: "MLA1720" - Name:"UPS"
ID: "MLA927153653" - Title: "Notebook Dell Inspiron 3505 Gris 15.6 , Amd Ryzen 5 3450u  12gb De Ram 256gb Ssd, Amd Radeon Vega 8 1366x768px Windows 10 Home"- Category: "MLA1652" - Name:"Notebooks"
ID: "MLA927887762" - Title: "Monitor Gamer Dell Professional P2719h Led 27   Negro 100v/240v"- Category: "MLA14407" - Name:"Monitores"
ID: "MLA927154124" - Title: "Notebook Dell Inspiron 3505 Gris 15.6 , Amd Ryzen 5 3450u  12gb De Ram 1tb Hdd 256gb Ssd, Amd Radeon Vega 8 1366x768px Windows 10 Home"- Category: "MLA1652" - Name:"Notebooks"
ID: "MLA932800171" - Title: "Apc Smart-ups Rc Src1ki-ar 1000va Entrada Y Salida De 230v Negro"- Category: "MLA1720" - Name:"UPS"
ID: "MLA928606511" - Title: "Apc Back-ups Br900g-ar 900va Entrada Y Salida De 230v Negro"- Category: "MLA1720" - Name:"UPS"
ID: "MLA913997736" - Title: "Notebook Dell Inspiron 3505 Gris 15.6 , Amd Ryzen 5 3450u  16gb De Ram 256gb Ssd, Amd Radeon Vega 8 1366x768px Windows 10 Home"- Category: "MLA1652" - Name:"Notebooks"
ID: "MLA898898561" - Title: "Repetidor, Router, Sistema Wi-fi Mesh Linksys Velop Wifi Intelligent Mesh Blanco 100v/240v"- Category: "MLA430901" - Name:"Routers"
ID: "MLA884735834" - Title: "Repetidor Linksys Re6500 Negro"- Category: "MLA430901" - Name:"Routers"
ID: "MLA926280125" - Title: "Apc Easy Ups Bv500i-ar 500va Entrada Y Salida De 230v Negro"- Category: "MLA1720" - Name:"UPS"
ID: "MLA917516307" - Title: "Apc Smart-ups Srt Srt5kxli 5000va Entrada Y Salida De 230v Negro"- Category: "MLA1720" - Name:"UPS"
ID: "MLA863267784" - Title: "Monitor Gamer Dell Professional P2018h Led 20   Negro 100v/240v"- Category: "MLA14407" - Name:"Monitores"
ID: "MLA913997022" - Title: "Notebook Dell Vostro 3490 Negra 14 , Intel Core I5 10210u  8gb De Ram 1tb Hdd, Intel Uhd Graphics 60 Hz 1366x768px Windows 10 Pro"- Category: "MLA1652" - Name:"Notebooks"
ID: "MLA919620195" - Title: "Notebook Dell Vostro 3490 Negra 14 , Intel Core I5 10210u  16gb De Ram 1tb Hdd, Intel Hd Graphics 60 Hz 1366x768px Windows 10 Pro"- Category: "MLA1652" - Name:"Notebooks"
ID: "MLA914898074" - Title: "Notebook Dell Vostro 3490 Negra 14 , Intel Core I5 10210u  8gb De Ram 1tb Hdd 240gb Ssd, Intel Uhd Graphics 60 Hz 1366x768px Windows 10 Pro"- Category: "MLA1652" - Name:"Notebooks"
ID: "MLA914901828" - Title: "Notebook Dell Vostro 3490 Negra 14 , Intel Core I5 10210u  32gb De Ram 1tb Hdd 240gb Ssd, Intel Uhd Graphics 60 Hz 1366x768px Windows 10 Pro"- Category: "MLA1652" - Name:"Notebooks"
ID: "MLA919422304" - Title: "Access Point, Router Linksys Mr8300 Negro 100v/240v"- Category: "MLA430901" - Name:"Routers"
ID: "MLA919421624" - Title: "Access Point, Router Linksys Max-stream Ea7300 Negro 100v/240v"- Category: "MLA430901" - Name:"Routers"
ID: "MLA923578550" - Title: "Notebook Dell Latitude 3510 Gris 15.6 , Intel Core I5 10210u  4gb De Ram 1tb Hdd, Intel Uhd Graphics 620 1920x1080px Windows 10 Pro"- Category: "MLA1652" - Name:"Notebooks"
ID: "MLA929442707" - Title: "Switch Cisco Sg110-16 Small Business Serie 110"- Category: "MLA1708" - Name:"Switches"
ID: "MLA932549653" - Title: "Router Linksys Ea6350 Negro Y Plata"- Category: "MLA430901" - Name:"Routers"
ID: "MLA930256736" - Title: "Apc Back-ups Pro 1200 Br1200g-ar 1200va Entrada Y Salida De 230v Negro"- Category: "MLA1720" - Name:"UPS"
ID: "MLA924366761" - Title: "Apc Back-ups Pro 1500 Br1500g-ar 1500va Entrada Y Salida De 230v Negro"- Category: "MLA1720" - Name:"UPS"
ID: "MLA931485853" - Title: "Access Point, Repetidor, Router Linksys Max-stream Ea8300 Negro 100v/240v"- Category: "MLA430901" - Name:"Routers"
ID: "MLA914900871" - Title: "Notebook Dell Vostro 3490 Negra 14 , Intel Core I5 10210u  12gb De Ram 1tb Hdd, Intel Hd Graphics 60 Hz 1366x768px Windows 10 Pro"- Category: "MLA1652" - Name:"Notebooks"
ID: "MLA913991914" - Title: "Notebook Dell Inspiron 3505 Gris 15.6 , Amd Ryzen 5 3450u  8gb De Ram 256gb Ssd, Amd Radeon Vega 8 1366x768px Windows 10 Home"- Category: "MLA1652" - Name:"Notebooks"
ID: "MLA931738758" - Title: "Switch Cisco Sg220-26 Serie 220"- Category: "MLA1708" - Name:"Switches"
ID: "MLA932548938" - Title: "Repetidor, Router, Sistema Wi-fi Mesh Linksys Velop Wifi Intelligent Mesh Blanco 100v/240v 3 Unidades"- Category: "MLA430901" - Name:"Routers"
ID: "MLA926291038" - Title: "Apc Easy Ups Srv3000 Srv3ki-ar 3000va Entrada Y Salida De 220v/240v Negro"- Category: "MLA1720" - Name:"UPS"
ID: "MLA927413671" - Title: "Switch Cisco Sg110-24hp Serie 110"- Category: "MLA1708" - Name:"Switches"
ID: "MLA927414264" - Title: "Switch Cisco Sg350-28 Serie 350"- Category: "MLA1708" - Name:"Switches"
ID: "MLA927414271" - Title: "Switch Cisco Sf220-24p Serie 220"- Category: "MLA1708" - Name:"Switches"
ID: "MLA931731685" - Title: "Router Cisco Rv160w-a-k9-ar Negro 220v"- Category: "MLA430901" - Name:"Routers"
ID: "MLA927412264" - Title: "Switch Cisco Sg350-52 Sg Serie 350"- Category: "MLA1708" - Name:"Switches"
ID: "MLA927411889" - Title: "Switch Cisco Sg112-24 Serie 110"- Category: "MLA1708" - Name:"Switches"
ID: "MLA927413664" - Title: "Switch Cisco Sf220-24 Small Business Serie 220"- Category: "MLA1708" - Name:"Switches"
ID: "MLA933970520" - Title: "Access Point Interior Cisco 100 Series Wap150 Blanco"- Category: "MLA430901" - Name:"Routers"
ID: "MLA928736315" - Title: "Apc Back-ups Br550g-ar 550va Entrada Y Salida De 230v Negro"- Category: "MLA1720" - Name:"UPS"
ID: "MLA930612969" - Title: "Apc Easy Ups Srv6ki 6000va Entrada Y Salida De 230v Negro"- Category: "MLA1720" - Name:"UPS"
ID: "MLA922850681" - Title: "Apc Easy Ups Bv Bv800i-ar 800va Entrada Y Salida De 230v Negro"- Category: "MLA1720" - Name:"UPS"
ID: "MLA930641917" - Title: "Access Point Interior Cisco Meraki Mr33 Blanco"- Category: "MLA430901" - Name:"Routers"
ID: "MLA917517444" - Title: "Switch Cisco Sg250-50p Serie 250"- Category: "MLA1708" - Name:"Switches"
ID: "MLA931718053" - Title: "Notebook Dell Latitude 3400 Negra 14 , Intel Core I5 8265u  8gb De Ram 1tb Hdd, Intel Uhd Graphics 620 1366x768px Windows 10 Pro"- Category: "MLA1652" - Name:"Notebooks"
